{"level":"info","message":"🚀 API Gateway server running on port 3000","service":"api-gateway","timestamp":"2025-07-29T16:59:35.561Z"}
{"level":"info","message":"Environment: development","service":"api-gateway","timestamp":"2025-07-29T16:59:35.563Z"}
{"level":"info","message":"🚀 API Gateway server running on port 3000","service":"api-gateway","timestamp":"2025-07-29T17:01:15.806Z"}
{"level":"info","message":"Environment: development","service":"api-gateway","timestamp":"2025-07-29T17:01:15.808Z"}
{"level":"info","message":"🚀 API Gateway server running on port 3000","service":"api-gateway","timestamp":"2025-07-29T17:06:12.893Z"}
{"level":"info","message":"Environment: development","service":"api-gateway","timestamp":"2025-07-29T17:06:12.897Z"}
{"level":"info","message":"🚀 API Gateway server running on port 3000","service":"api-gateway","timestamp":"2025-07-29T17:06:40.207Z"}
{"level":"info","message":"Environment: development","service":"api-gateway","timestamp":"2025-07-29T17:06:40.210Z"}
{"level":"info","message":"🚀 API Gateway server running on port 3000","service":"api-gateway","timestamp":"2025-07-29T17:07:19.958Z"}
{"level":"info","message":"Environment: development","service":"api-gateway","timestamp":"2025-07-29T17:07:19.961Z"}
{"level":"info","message":"🚀 API Gateway server running on port 5000","service":"api-gateway","timestamp":"2025-07-29T17:42:06.635Z"}
{"level":"info","message":"Environment: development","service":"api-gateway","timestamp":"2025-07-29T17:42:06.637Z"}
{"level":"info","message":"🚀 API Gateway server running on port 5000","service":"api-gateway","timestamp":"2025-07-29T17:43:08.617Z"}
{"level":"info","message":"Environment: development","service":"api-gateway","timestamp":"2025-07-29T17:43:08.620Z"}
{"level":"info","message":"🚀 API Gateway server running on port 5000","service":"api-gateway","timestamp":"2025-07-29T17:43:45.349Z"}
{"level":"info","message":"Environment: development","service":"api-gateway","timestamp":"2025-07-29T17:43:45.352Z"}
{"level":"info","message":"🚀 API Gateway server running on port 5000","service":"api-gateway","timestamp":"2025-07-29T17:43:56.462Z"}
{"level":"info","message":"Environment: development","service":"api-gateway","timestamp":"2025-07-29T17:43:56.464Z"}
{"level":"info","message":"🚀 API Gateway server running on port 5000","service":"api-gateway","timestamp":"2025-07-29T17:44:49.689Z"}
{"level":"info","message":"Environment: development","service":"api-gateway","timestamp":"2025-07-29T17:44:49.692Z"}
{"level":"info","message":"🚀 API Gateway server running on port 5000","service":"api-gateway","timestamp":"2025-07-29T17:44:54.522Z"}
{"level":"info","message":"Environment: development","service":"api-gateway","timestamp":"2025-07-29T17:44:54.525Z"}
{"level":"info","message":"🚀 API Gateway server running on port 5000","service":"api-gateway","timestamp":"2025-07-29T17:46:13.813Z"}
{"level":"info","message":"Environment: development","service":"api-gateway","timestamp":"2025-07-29T17:46:13.816Z"}
{"level":"info","message":"🚀 API Gateway server running on port 5000","service":"api-gateway","timestamp":"2025-07-29T17:47:50.664Z"}
{"level":"info","message":"Environment: development","service":"api-gateway","timestamp":"2025-07-29T17:47:50.666Z"}
{"level":"info","message":"🚀 API Gateway server running on port 5000","service":"api-gateway","timestamp":"2025-07-29T17:48:25.902Z"}
{"level":"info","message":"Environment: development","service":"api-gateway","timestamp":"2025-07-29T17:48:25.905Z"}
{"level":"info","message":"🚀 API Gateway server running on port 5000","service":"api-gateway","timestamp":"2025-07-29T17:49:37.176Z"}
{"level":"info","message":"Environment: development","service":"api-gateway","timestamp":"2025-07-29T17:49:37.179Z"}
{"level":"info","message":"🚀 API Gateway server running on port 5000","service":"api-gateway","timestamp":"2025-07-29T17:49:48.952Z"}
{"level":"info","message":"Environment: development","service":"api-gateway","timestamp":"2025-07-29T17:49:48.955Z"}
{"level":"info","message":"🚀 API Gateway server running on port 5000","service":"api-gateway","timestamp":"2025-07-29T17:50:22.369Z"}
{"level":"info","message":"Environment: development","service":"api-gateway","timestamp":"2025-07-29T17:50:22.372Z"}
{"level":"info","message":"🚀 API Gateway server running on port 5000","service":"api-gateway","timestamp":"2025-07-31T12:19:12.475Z"}
{"level":"info","message":"Environment: development","service":"api-gateway","timestamp":"2025-07-31T12:19:12.478Z"}
{"ip":"::1","level":"error","message":"Error: Can't find /auth/login on this server!","method":"POST","service":"api-gateway","stack":"Error: Can't find /auth/login on this server!\n    at C:\\Users\\Clément\\Documents\\GitHub\\sentorya\\back\\src\\app.ts:25:10\n    at Layer.handle [as handle_request] (C:\\Users\\Clément\\Documents\\GitHub\\sentorya\\back\\node_modules\\express\\lib\\router\\layer.js:95:5)\n    at next (C:\\Users\\Clément\\Documents\\GitHub\\sentorya\\back\\node_modules\\express\\lib\\router\\route.js:149:13)\n    at next (C:\\Users\\Clément\\Documents\\GitHub\\sentorya\\back\\node_modules\\express\\lib\\router\\route.js:145:7)\n    at next (C:\\Users\\Clément\\Documents\\GitHub\\sentorya\\back\\node_modules\\express\\lib\\router\\route.js:145:7)\n    at next (C:\\Users\\Clément\\Documents\\GitHub\\sentorya\\back\\node_modules\\express\\lib\\router\\route.js:145:7)\n    at next (C:\\Users\\Clément\\Documents\\GitHub\\sentorya\\back\\node_modules\\express\\lib\\router\\route.js:145:7)\n    at next (C:\\Users\\Clément\\Documents\\GitHub\\sentorya\\back\\node_modules\\express\\lib\\router\\route.js:145:7)\n    at next (C:\\Users\\Clément\\Documents\\GitHub\\sentorya\\back\\node_modules\\express\\lib\\router\\route.js:145:7)\n    at next (C:\\Users\\Clément\\Documents\\GitHub\\sentorya\\back\\node_modules\\express\\lib\\router\\route.js:145:7)","timestamp":"2025-07-31T12:22:05.814Z","url":"/auth/login"}
{"level":"info","message":"🚀 API Gateway server running on port 5000","service":"api-gateway","timestamp":"2025-07-31T12:23:39.256Z"}
{"level":"info","message":"Environment: development","service":"api-gateway","timestamp":"2025-07-31T12:23:39.259Z"}
{"level":"info","message":"🚀 API Gateway server running on port 5000","service":"api-gateway","timestamp":"2025-07-31T12:24:24.326Z"}
{"level":"info","message":"Environment: development","service":"api-gateway","timestamp":"2025-07-31T12:24:24.329Z"}
{"level":"info","message":"🚀 API Gateway server running on port 5000","service":"api-gateway","timestamp":"2025-07-31T12:25:26.889Z"}
{"level":"info","message":"Environment: development","service":"api-gateway","timestamp":"2025-07-31T12:25:26.893Z"}
{"level":"info","message":"🚀 API Gateway server running on port 5000","service":"api-gateway","timestamp":"2025-07-31T12:26:03.263Z"}
{"level":"info","message":"Environment: development","service":"api-gateway","timestamp":"2025-07-31T12:26:03.267Z"}
{"level":"info","message":"🚀 API Gateway server running on port 5000","service":"api-gateway","timestamp":"2025-07-31T12:39:16.504Z"}
{"level":"info","message":"Environment: development","service":"api-gateway","timestamp":"2025-07-31T12:39:16.508Z"}
{"level":"info","message":"🚀 API Gateway server running on port 5000","service":"api-gateway","timestamp":"2025-07-31T12:39:48.867Z"}
{"level":"info","message":"Environment: development","service":"api-gateway","timestamp":"2025-07-31T12:39:48.871Z"}
{"level":"info","message":"🚀 API Gateway server running on port 5000","service":"api-gateway","timestamp":"2025-07-31T14:32:19.329Z"}
{"level":"info","message":"Environment: development","service":"api-gateway","timestamp":"2025-07-31T14:32:19.332Z"}
{"level":"info","message":"🚀 API Gateway server running on port 5000","service":"api-gateway","timestamp":"2025-07-31T14:33:12.412Z"}
{"level":"info","message":"Environment: development","service":"api-gateway","timestamp":"2025-07-31T14:33:12.416Z"}
{"level":"info","message":"🚀 API Gateway server running on port 5000","service":"api-gateway","timestamp":"2025-07-31T14:33:18.077Z"}
{"level":"info","message":"Environment: development","service":"api-gateway","timestamp":"2025-07-31T14:33:18.082Z"}
{"level":"info","message":"🚀 API Gateway server running on port 5000","service":"api-gateway","timestamp":"2025-07-31T14:40:28.860Z"}
{"level":"info","message":"Environment: development","service":"api-gateway","timestamp":"2025-07-31T14:40:28.863Z"}
{"level":"info","message":"🚀 API Gateway server running on port 5000","service":"api-gateway","timestamp":"2025-08-02T07:00:34.905Z"}
{"level":"info","message":"Environment: development","service":"api-gateway","timestamp":"2025-08-02T07:00:34.908Z"}
{"level":"info","message":"🚀 API Gateway server running on port 5000","service":"api-gateway","timestamp":"2025-08-03T11:37:37.836Z"}
{"level":"info","message":"Environment: development","service":"api-gateway","timestamp":"2025-08-03T11:37:37.839Z"}
{"level":"info","message":"🚀 API Gateway server running on port 5000","service":"api-gateway","timestamp":"2025-08-03T11:51:02.257Z"}
{"level":"info","message":"Environment: development","service":"api-gateway","timestamp":"2025-08-03T11:51:02.260Z"}
{"level":"info","message":"🚀 API Gateway server running on port 5000","service":"api-gateway","timestamp":"2025-08-03T11:52:54.101Z"}
{"level":"info","message":"Environment: development","service":"api-gateway","timestamp":"2025-08-03T11:52:54.104Z"}
{"level":"info","message":"🚀 API Gateway server running on port 5000","service":"api-gateway","timestamp":"2025-08-03T11:55:30.003Z"}
{"level":"info","message":"Environment: development","service":"api-gateway","timestamp":"2025-08-03T11:55:30.005Z"}
{"level":"info","message":"🚀 API Gateway server running on port 5000","service":"api-gateway","timestamp":"2025-08-03T11:55:51.798Z"}
{"level":"info","message":"Environment: development","service":"api-gateway","timestamp":"2025-08-03T11:55:51.801Z"}
{"level":"info","message":"🚀 API Gateway server running on port 5000","service":"api-gateway","timestamp":"2025-08-03T11:56:49.648Z"}
{"level":"info","message":"Environment: development","service":"api-gateway","timestamp":"2025-08-03T11:56:49.651Z"}
{"ip":"::1","level":"error","message":"Error: Can't find /user/cmdtwqlgi0000uvesl51hkloe on this server!","method":"GET","service":"api-gateway","stack":"Error: Can't find /user/cmdtwqlgi0000uvesl51hkloe on this server!\n    at C:\\Users\\Xeltax\\Documents\\GitHub\\sentorya\\back\\src\\app.ts:35:10\n    at Layer.handle [as handle_request] (C:\\Users\\Xeltax\\Documents\\GitHub\\sentorya\\back\\node_modules\\express\\lib\\router\\layer.js:95:5)\n    at next (C:\\Users\\Xeltax\\Documents\\GitHub\\sentorya\\back\\node_modules\\express\\lib\\router\\route.js:149:13)\n    at next (C:\\Users\\Xeltax\\Documents\\GitHub\\sentorya\\back\\node_modules\\express\\lib\\router\\route.js:145:7)\n    at next (C:\\Users\\Xeltax\\Documents\\GitHub\\sentorya\\back\\node_modules\\express\\lib\\router\\route.js:145:7)\n    at next (C:\\Users\\Xeltax\\Documents\\GitHub\\sentorya\\back\\node_modules\\express\\lib\\router\\route.js:145:7)\n    at next (C:\\Users\\Xeltax\\Documents\\GitHub\\sentorya\\back\\node_modules\\express\\lib\\router\\route.js:145:7)\n    at next (C:\\Users\\Xeltax\\Documents\\GitHub\\sentorya\\back\\node_modules\\express\\lib\\router\\route.js:145:7)\n    at next (C:\\Users\\Xeltax\\Documents\\GitHub\\sentorya\\back\\node_modules\\express\\lib\\router\\route.js:145:7)\n    at Route.dispatch (C:\\Users\\Xeltax\\Documents\\GitHub\\sentorya\\back\\node_modules\\express\\lib\\router\\route.js:119:3)","timestamp":"2025-08-03T11:57:15.490Z","url":"/user/cmdtwqlgi0000uvesl51hkloe"}
{"level":"info","message":"🚀 API Gateway server running on port 5000","service":"api-gateway","timestamp":"2025-08-03T11:58:01.057Z"}
{"level":"info","message":"Environment: development","service":"api-gateway","timestamp":"2025-08-03T11:58:01.061Z"}
{"level":"info","message":"🚀 API Gateway server running on port 5000","service":"api-gateway","timestamp":"2025-08-03T12:02:53.697Z"}
{"level":"info","message":"Environment: development","service":"api-gateway","timestamp":"2025-08-03T12:02:53.701Z"}
{"ip":"::1","level":"error","message":"Error: Can't find /user/cmdvo212w0003uv1c69ac2mu0 on this server!","method":"DELETE","service":"api-gateway","stack":"Error: Can't find /user/cmdvo212w0003uv1c69ac2mu0 on this server!\n    at C:\\Users\\Xeltax\\Documents\\GitHub\\sentorya\\back\\src\\app.ts:35:10\n    at Layer.handle [as handle_request] (C:\\Users\\Xeltax\\Documents\\GitHub\\sentorya\\back\\node_modules\\express\\lib\\router\\layer.js:95:5)\n    at next (C:\\Users\\Xeltax\\Documents\\GitHub\\sentorya\\back\\node_modules\\express\\lib\\router\\route.js:149:13)\n    at next (C:\\Users\\Xeltax\\Documents\\GitHub\\sentorya\\back\\node_modules\\express\\lib\\router\\route.js:145:7)\n    at next (C:\\Users\\Xeltax\\Documents\\GitHub\\sentorya\\back\\node_modules\\express\\lib\\router\\route.js:145:7)\n    at next (C:\\Users\\Xeltax\\Documents\\GitHub\\sentorya\\back\\node_modules\\express\\lib\\router\\route.js:145:7)\n    at next (C:\\Users\\Xeltax\\Documents\\GitHub\\sentorya\\back\\node_modules\\express\\lib\\router\\route.js:145:7)\n    at next (C:\\Users\\Xeltax\\Documents\\GitHub\\sentorya\\back\\node_modules\\express\\lib\\router\\route.js:145:7)\n    at Route.dispatch (C:\\Users\\Xeltax\\Documents\\GitHub\\sentorya\\back\\node_modules\\express\\lib\\router\\route.js:119:3)\n    at Layer.handle [as handle_request] (C:\\Users\\Xeltax\\Documents\\GitHub\\sentorya\\back\\node_modules\\express\\lib\\router\\layer.js:95:5)","timestamp":"2025-08-03T12:38:04.318Z","url":"/user/cmdvo212w0003uv1c69ac2mu0"}
{"level":"info","message":"🚀 API Gateway server running on port 5000","service":"api-gateway","timestamp":"2025-08-03T12:45:46.069Z"}
{"level":"info","message":"Environment: development","service":"api-gateway","timestamp":"2025-08-03T12:45:46.072Z"}
{"level":"info","message":"🚀 API Gateway server running on port 5000","service":"api-gateway","timestamp":"2025-08-03T12:46:01.389Z"}
{"level":"info","message":"Environment: development","service":"api-gateway","timestamp":"2025-08-03T12:46:01.391Z"}
{"level":"info","message":"🚀 API Gateway server running on port 5000","service":"api-gateway","timestamp":"2025-08-07T11:33:13.355Z"}
{"level":"info","message":"Environment: development","service":"api-gateway","timestamp":"2025-08-07T11:33:13.358Z"}
{"level":"info","message":"SIGINT received, shutting down gracefully","service":"api-gateway","timestamp":"2025-08-07T11:40:58.701Z"}
{"level":"info","message":"🚀 API Gateway server running on port 5000","service":"api-gateway","timestamp":"2025-08-07T11:42:10.014Z"}
{"level":"info","message":"Environment: development","service":"api-gateway","timestamp":"2025-08-07T11:42:10.017Z"}
{"level":"info","message":"SIGINT received, shutting down gracefully","service":"api-gateway","timestamp":"2025-08-07T11:42:54.968Z"}
{"level":"info","message":"🚀 API Gateway server running on port 5000","service":"api-gateway","timestamp":"2025-08-07T11:43:10.543Z"}
{"level":"info","message":"Environment: development","service":"api-gateway","timestamp":"2025-08-07T11:43:10.546Z"}
{"level":"info","message":"SIGINT received, shutting down gracefully","service":"api-gateway","timestamp":"2025-08-07T11:44:36.076Z"}
{"level":"info","message":"🚀 API Gateway server running on port 5000","service":"api-gateway","timestamp":"2025-08-07T11:44:48.132Z"}
{"level":"info","message":"Environment: development","service":"api-gateway","timestamp":"2025-08-07T11:44:48.136Z"}
{"level":"info","message":"SIGINT received, shutting down gracefully","service":"api-gateway","timestamp":"2025-08-07T12:31:33.248Z"}
{"level":"info","message":"🚀 API Gateway server running on port 5000","service":"api-gateway","timestamp":"2025-08-07T12:32:19.309Z"}
{"level":"info","message":"Environment: development","service":"api-gateway","timestamp":"2025-08-07T12:32:19.312Z"}
{"level":"info","message":"SIGINT received, shutting down gracefully","service":"api-gateway","timestamp":"2025-08-07T12:32:51.820Z"}
{"level":"info","message":"🚀 API Gateway server running on port 5000","service":"api-gateway","timestamp":"2025-08-07T12:33:19.163Z"}
{"level":"info","message":"Environment: development","service":"api-gateway","timestamp":"2025-08-07T12:33:19.166Z"}
{"level":"info","message":"SIGINT received, shutting down gracefully","service":"api-gateway","timestamp":"2025-08-07T13:33:48.484Z"}
{"level":"info","message":"🚀 API Gateway server running on port 5000","service":"api-gateway","timestamp":"2025-08-07T13:33:55.582Z"}
{"level":"info","message":"Environment: development","service":"api-gateway","timestamp":"2025-08-07T13:33:55.585Z"}
{"level":"info","message":"SIGINT received, shutting down gracefully","service":"api-gateway","timestamp":"2025-08-07T13:33:56.784Z"}
{"level":"info","message":"🚀 API Gateway server running on port 5000","service":"api-gateway","timestamp":"2025-08-07T13:34:03.219Z"}
{"level":"info","message":"Environment: development","service":"api-gateway","timestamp":"2025-08-07T13:34:03.223Z"}
{"level":"info","message":"🚀 API Gateway server running on port 5000","service":"api-gateway","timestamp":"2025-08-07T13:35:29.954Z"}
{"level":"info","message":"Environment: development","service":"api-gateway","timestamp":"2025-08-07T13:35:29.957Z"}
{"level":"info","message":"🚀 API Gateway server running on port 5000","service":"api-gateway","timestamp":"2025-08-07T13:50:27.255Z"}
{"level":"info","message":"Environment: development","service":"api-gateway","timestamp":"2025-08-07T13:50:27.258Z"}
{"level":"info","message":"SIGINT received, shutting down gracefully","service":"api-gateway","timestamp":"2025-08-07T14:32:52.133Z"}
{"level":"info","message":"🚀 API Gateway server running on port 5000","service":"api-gateway","timestamp":"2025-08-07T14:47:01.367Z"}
{"level":"info","message":"Environment: development","service":"api-gateway","timestamp":"2025-08-07T14:47:01.371Z"}
{"level":"info","message":"🚀 API Gateway server running on port 5000","service":"api-gateway","timestamp":"2025-08-14T09:34:59.810Z"}
{"level":"info","message":"Environment: development","service":"api-gateway","timestamp":"2025-08-14T09:34:59.812Z"}
{"ip":"::1","level":"error","message":"Error: Can't find /campaign on this server!","method":"POST","service":"api-gateway","stack":"Error: Can't find /campaign on this server!\n    at C:\\Users\\Clément\\Documents\\GitHub\\sentorya\\back\\src\\app.ts:35:10\n    at Layer.handle [as handle_request] (C:\\Users\\Clément\\Documents\\GitHub\\sentorya\\back\\node_modules\\express\\lib\\router\\layer.js:95:5)\n    at next (C:\\Users\\Clément\\Documents\\GitHub\\sentorya\\back\\node_modules\\express\\lib\\router\\route.js:149:13)\n    at next (C:\\Users\\Clément\\Documents\\GitHub\\sentorya\\back\\node_modules\\express\\lib\\router\\route.js:145:7)\n    at next (C:\\Users\\Clément\\Documents\\GitHub\\sentorya\\back\\node_modules\\express\\lib\\router\\route.js:145:7)\n    at next (C:\\Users\\Clément\\Documents\\GitHub\\sentorya\\back\\node_modules\\express\\lib\\router\\route.js:145:7)\n    at next (C:\\Users\\Clément\\Documents\\GitHub\\sentorya\\back\\node_modules\\express\\lib\\router\\route.js:145:7)\n    at next (C:\\Users\\Clément\\Documents\\GitHub\\sentorya\\back\\node_modules\\express\\lib\\router\\route.js:145:7)\n    at next (C:\\Users\\Clément\\Documents\\GitHub\\sentorya\\back\\node_modules\\express\\lib\\router\\route.js:145:7)\n    at next (C:\\Users\\Clément\\Documents\\GitHub\\sentorya\\back\\node_modules\\express\\lib\\router\\route.js:145:7)","timestamp":"2025-08-14T12:40:39.217Z","url":"/campaign"}
{"level":"info","message":"🚀 API Gateway server running on port 5000","service":"api-gateway","timestamp":"2025-08-14T12:54:08.420Z"}
{"level":"info","message":"Environment: development","service":"api-gateway","timestamp":"2025-08-14T12:54:08.423Z"}
{"level":"info","message":"🚀 API Gateway server running on port 5000","service":"api-gateway","timestamp":"2025-08-14T12:54:11.439Z"}
{"level":"info","message":"Environment: development","service":"api-gateway","timestamp":"2025-08-14T12:54:11.442Z"}
{"level":"info","message":"🚀 API Gateway server running on port 5000","service":"api-gateway","timestamp":"2025-08-14T12:57:01.036Z"}
{"level":"info","message":"Environment: development","service":"api-gateway","timestamp":"2025-08-14T12:57:01.038Z"}
